app/build/intermediates/manifest_merge_blame_file/debug/manifest-merger-blame-debug-report.txt
1<?xml version="1.0" encoding="utf-8"?>
2<!-- TODO. We use the AndroidManifest file to define app's general properties and components -->
3<!-- TODO 01. Change the package name (name of the folder under the java folder). Update package value of the manifest element -->
4<!-- TODO 02. Modify android:label property of the application element to set the app name -->
5<!-- TODO 03. Note the app name is not hardcoded. We use a string resource instead. WHAT ARE RESOURCES? -->
6<!-- TODO 04. We define the app launcher icon by setting an image for the icon and roundIcon elements -->
7<!-- TODO 05. Adaptative (modern) icons  VS Legacy icons (API level < 25) -->
8<!-- TODO 06. Using Image Asset Studio to create a new launcher icon -->
9<manifest xmlns:android="http://schemas.android.com/apk/res/android"
10    package="com.ualr.myfirstapp"
11    android:versionCode="1"
12    android:versionName="1.0" >
13
14    <uses-sdk
15        android:minSdkVersion="14"
15-->src\main\AndroidManifest.xml
16        android:targetSdkVersion="29" />
16-->src\main\AndroidManifest.xml
17
18    <application
18-->src\main\AndroidManifest.xml:12:5-26:19
19        android:allowBackup="true"
19-->src\main\AndroidManifest.xml:13:9-35
20        android:appComponentFactory="androidx.core.app.CoreComponentFactory"
20-->[androidx.core:core:1.1.0] AndroidManifest.xml:24:18-86
21        android:debuggable="true"
22        android:icon="@mipmap/ic_launcher"
22-->src\main\AndroidManifest.xml:14:9-43
23        android:label="@string/app_name"
23-->src\main\AndroidManifest.xml:15:9-41
24        android:roundIcon="@mipmap/ic_launcher_round"
24-->src\main\AndroidManifest.xml:16:9-54
25        android:supportsRtl="true"
25-->src\main\AndroidManifest.xml:17:9-35
26        android:testOnly="true"
27        android:theme="@style/AppTheme" >
27-->src\main\AndroidManifest.xml:18:9-40
28        <activity android:name="com.ualr.firstapp.MainActivity" >
28-->src\main\AndroidManifest.xml:19:9-25:20
28-->src\main\AndroidManifest.xml:19:19-64
29            <intent-filter>
29-->src\main\AndroidManifest.xml:20:13-24:29
30                <action android:name="android.intent.action.MAIN" />
30-->src\main\AndroidManifest.xml:21:17-69
30-->src\main\AndroidManifest.xml:21:25-66
31
32                <category android:name="android.intent.category.LAUNCHER" />
32-->src\main\AndroidManifest.xml:23:17-77
32-->src\main\AndroidManifest.xml:23:27-74
33            </intent-filter>
34        </activity>
35    </application>
36
37</manifest>